<?xml version="1.0" encoding="UTF-8"?>
<testng-results skipped="0" failed="0" ignored="0" total="1" passed="1">
  <reporter-output>
  </reporter-output>
  <suite name="Default suite" duration-ms="75" started-at="2019-02-08T07:04:14Z" finished-at="2019-02-08T07:04:14Z">
    <groups>
    </groups>
    <test name="Default test" duration-ms="75" started-at="2019-02-08T07:04:14Z" finished-at="2019-02-08T07:04:14Z">
      <class name="coding.CardTestCase">
        <test-method status="PASS" signature="testCardSort(java.util.List)[pri:0, instance:coding.CardTestCase@5419f379]" name="testCardSort" duration-ms="57" started-at="2019-02-08T07:04:14Z" data-provider="unOrderList" finished-at="2019-02-08T07:04:14Z">
          <params>
            <param index="0">
              <value>
                <![CDATA[[com.gmvg.coding.sorting.Card@6d7b4f4c, com.gmvg.coding.sorting.Card@4e9ba398]]]>
              </value>
            </param>
          </params>
          <reporter-output>
          </reporter-output>
        </test-method> <!-- testCardSort -->
      </class> <!-- coding.CardTestCase -->
    </test> <!-- Default test -->
  </suite> <!-- Default suite -->
</testng-results>
